<?xml version="1.0" encoding="UTF-8"?>
<!-- Generated by org.testng.reporters.JUnitReportReporter -->
<testsuite hostname="PC-9" failures="0" tests="1" name="script_TESTS.Test02_SwapPolygonToBinance" time="20.251" errors="0" timestamp="2024-08-12T15:49:14 IST" skipped="0">
  <testcase classname="script_TESTS.Test02_SwapPolygonToBinance" name="verifySwap_BetweenPolygonAndBinance" time="20.251"/>
  <system-out/>
</testsuite> <!-- script_TESTS.Test02_SwapPolygonToBinance -->
