<?xml version="1.0" encoding="UTF-8"?>
<!-- Generated by org.testng.reporters.JUnitReportReporter -->
<testsuite hostname="blocksone-VivoBook-ASUSLaptop-X415EA-X415EA" failures="0" tests="1" name="script_TESTS.Test04_SwapBinanceToOptimism" time="5.045" errors="0" timestamp="2024-08-13T18:42:03 IST" skipped="0">
  <testcase classname="script_TESTS.Test04_SwapBinanceToOptimism" name="verifySwap_BinanceToOptimism" time="5.045"/>
  <system-out/>
</testsuite> <!-- script_TESTS.Test04_SwapBinanceToOptimism -->
