<?xml version="1.0" encoding="UTF-8"?>
<!-- Generated by org.testng.reporters.JUnitReportReporter -->
<testsuite hostname="PC-9" failures="0" tests="1" name="script_TESTS.Test03_SwapAvalancheToOptimism" time="16.744" errors="0" timestamp="2024-08-12T15:49:14 IST" skipped="0">
  <testcase classname="script_TESTS.Test03_SwapAvalancheToOptimism" name="verifySwap_AvalancheToOptimism" time="16.744"/>
  <system-out/>
</testsuite> <!-- script_TESTS.Test03_SwapAvalancheToOptimism -->
