<?xml version="1.0" encoding="UTF-8"?>
<!-- Generated by org.testng.reporters.JUnitReportReporter -->
<testsuite hostname="blocksone-VivoBook-ASUSLaptop-X415EA-X415EA" failures="0" tests="1" name="script_TESTS.Test03_SwapAvalancheToOptimism" time="5.978" errors="0" timestamp="2024-08-19T10:26:08 IST" skipped="0">
  <testcase classname="script_TESTS.Test03_SwapAvalancheToOptimism" name="verifySwap_AvalancheToOptimism" time="5.978"/>
</testsuite> <!-- script_TESTS.Test03_SwapAvalancheToOptimism -->
