<?xml version="1.0" encoding="UTF-8"?>
<!-- Generated by org.testng.reporters.JUnitReportReporter -->
<testsuite hostname="blocksone-VivoBook-ASUSLaptop-X415EA-X415EA" failures="0" tests="1" name="script_TESTS.Test02_SwapPolygonToBinance" time="5.084" errors="0" timestamp="2024-08-14T09:24:50 IST" skipped="0">
  <testcase classname="script_TESTS.Test02_SwapPolygonToBinance" name="verifySwap_BetweenPolygonAndBinance" time="5.084"/>
  <system-out/>
</testsuite> <!-- script_TESTS.Test02_SwapPolygonToBinance -->
