<?xml version="1.0" encoding="UTF-8"?>
<!-- Generated by org.testng.reporters.JUnitReportReporter -->
<testsuite hostname="PC-9" failures="0" tests="1" name="com.Blocksone.L1X.Swap_TestCases.Verify_Swap_ForFewPossibleCombinationOfChains" time="22.692" errors="0" timestamp="2024-08-10T19:56:23 IST" skipped="0">
  <testcase classname="com.Blocksone.L1X.Swap_TestCases.Verify_Swap_ForFewPossibleCombinationOfChains" name="verifySwap_BetweenPolygonAndBinance" time="22.692"/>
  <system-out/>
</testsuite> <!-- com.Blocksone.L1X.Swap_TestCases.Verify_Swap_ForFewPossibleCombinationOfChains -->
