<?xml version="1.0" encoding="UTF-8"?>
<!-- Generated by org.testng.reporters.JUnitReportReporter -->
<testsuite hostname="blocksone-VivoBook-ASUSLaptop-X415EA-X415EA" failures="0" tests="2" name="script_TESTS.Test01_SwapForDefaultChains" time="18.201" errors="0" timestamp="2024-08-18T19:40:25 IST" skipped="1">
  <testcase classname="script_TESTS.Test01_SwapForDefaultChains" name="verify_Swap_SourceAndDestinationField" time="9.254">
    <skipped/>
  </testcase> <!-- verify_Swap_SourceAndDestinationField -->
  <testcase classname="script_TESTS.Test01_SwapForDefaultChains" name="verify_Swap_SourceAndDestinationField" time="8.947"/>
</testsuite> <!-- script_TESTS.Test01_SwapForDefaultChains -->
