<?xml version="1.0" encoding="UTF-8"?>
<!-- Generated by org.testng.reporters.JUnitReportReporter -->
<testsuite hostname="blocksone-VivoBook-ASUSLaptop-X415EA-X415EA" failures="0" tests="1" name="script_TESTS.Test02_SwapPolygonToBinance" time="2.607" errors="0" timestamp="2024-08-20T09:58:54 IST" skipped="0">
  <testcase classname="script_TESTS.Test02_SwapPolygonToBinance" name="verifySwap_BetweenPolygonAndBinance" time="2.607"/>
</testsuite> <!-- script_TESTS.Test02_SwapPolygonToBinance -->
