<?xml version="1.0" encoding="UTF-8"?>
<!-- Generated by org.testng.reporters.JUnitReportReporter -->
<testsuite hostname="blocksone-VivoBook-ASUSLaptop-X415EA-X415EA" failures="0" tests="1" name="script_TESTS.Test05_SwapPolygonToLayerOneX" time="4.899" errors="0" timestamp="2024-08-14T09:24:50 IST" skipped="0">
  <testcase classname="script_TESTS.Test05_SwapPolygonToLayerOneX" name="verifySwap_BetweenPolygonAndLayerOneX" time="4.899"/>
  <system-out/>
</testsuite> <!-- script_TESTS.Test05_SwapPolygonToLayerOneX -->
