<?xml version="1.0" encoding="UTF-8"?>
<!-- Generated by org.testng.reporters.JUnitReportReporter -->
<testsuite hostname="blocksone-VivoBook-ASUSLaptop-X415EA-X415EA" failures="0" tests="1" name="script_TESTS.Test01_SwapForDefaultChains" time="6.223" errors="0" timestamp="2024-08-19T10:29:45 IST" skipped="0">
  <testcase classname="script_TESTS.Test01_SwapForDefaultChains" name="verify_Swap_SourceAndDestinationField" time="6.223"/>
</testsuite> <!-- script_TESTS.Test01_SwapForDefaultChains -->
