<?xml version="1.0" encoding="UTF-8"?>
<!-- Generated by org.testng.reporters.JUnitReportReporter -->
<testsuite hostname="PC-9" failures="0" tests="1" name="com.Blocksone.L1X.Swap_TestCases.Verify_Swap_For_DefaultChainExchange" time="32.333" errors="0" timestamp="2024-08-09T15:06:48 IST" skipped="0">
  <testcase classname="com.Blocksone.L1X.Swap_TestCases.Verify_Swap_For_DefaultChainExchange" name="verify_Swap_SourceAndDestinationField" time="32.333"/>
  <system-out/>
</testsuite> <!-- com.Blocksone.L1X.Swap_TestCases.Verify_Swap_For_DefaultChainExchange -->
