<?xml version="1.0" encoding="UTF-8"?>
<!-- Generated by org.testng.reporters.JUnitReportReporter -->
<testsuite hostname="blocksone-VivoBook-ASUSLaptop-X415EA-X415EA" failures="0" tests="1" name="script_TESTS.Test04_SwapBinanceToOptimism" time="2.524" errors="0" timestamp="2024-08-20T09:58:54 IST" skipped="0">
  <testcase classname="script_TESTS.Test04_SwapBinanceToOptimism" name="verifySwap_BinanceToOptimism" time="2.524"/>
</testsuite> <!-- script_TESTS.Test04_SwapBinanceToOptimism -->
