<?xml version="1.0" encoding="UTF-8"?>
<!-- Generated by org.testng.reporters.JUnitReportReporter -->
<testsuite hostname="blocksone-VivoBook-ASUSLaptop-X415EA-X415EA" failures="0" tests="1" name="script_TESTS.Test01_SwapForDefaultChains" time="5.512" errors="0" timestamp="2024-08-13T14:45:13 IST" skipped="0">
  <testcase classname="script_TESTS.Test01_SwapForDefaultChains" name="verify_Swap_SourceAndDestinationField" time="5.512"/>
  <system-out/>
</testsuite> <!-- script_TESTS.Test01_SwapForDefaultChains -->
