<?xml version="1.0" encoding="UTF-8"?>
<!-- Generated by org.testng.reporters.JUnitReportReporter -->
<testsuite hostname="PC-9" failures="0" tests="1" name="script_TESTS.Test04_SwapBinanceToOptimism" time="15.440" errors="0" timestamp="2024-08-12T15:49:14 IST" skipped="0">
  <testcase classname="script_TESTS.Test04_SwapBinanceToOptimism" name="verifySwap_BinanceToOptimism" time="15.440"/>
  <system-out/>
</testsuite> <!-- script_TESTS.Test04_SwapBinanceToOptimism -->
