<?xml version="1.0" encoding="UTF-8"?>
<!-- Generated by org.testng.reporters.JUnitReportReporter -->
<testsuite hostname="blocksone-VivoBook-ASUSLaptop-X415EA-X415EA" failures="0" tests="2" name="script_TESTS.Test03_SwapAvalancheToOptimism" time="12.596" errors="0" timestamp="2024-08-18T19:40:25 IST" skipped="1">
  <testcase classname="script_TESTS.Test03_SwapAvalancheToOptimism" name="verifySwap_AvalancheToOptimism" time="5.245"/>
  <testcase classname="script_TESTS.Test03_SwapAvalancheToOptimism" name="verifySwap_AvalancheToOptimism" time="7.351">
    <skipped/>
  </testcase> <!-- verifySwap_AvalancheToOptimism -->
</testsuite> <!-- script_TESTS.Test03_SwapAvalancheToOptimism -->
